Using pre-set license
Built from '2021.3/staging' branch; Version is '2021.3.11f1 (0a5ca18544bf) revision 679073'; Using compiler version '192829333'; Build Type 'Release'
OS: 'Windows 11  (10.0.22621) 64bit Core' Language: 'en' Physical Memory: 32608 MB
BatchMode: 1, IsHumanControllingUs: 0, StartBugReporterOnCrash: 0, Is64bit: 1, IsPro: 1

COMMAND LINE ARGUMENTS:
E:\unity\Editor\2021.3.11f1\Editor\Unity.exe
-adb2
-batchMode
-noUpm
-name
AssetImportWorker1
-projectPath
C:/Users/NVier/Space SHMUP
-logFile
Logs/AssetImportWorker1.log
-srvPort
54403
Successfully changed project path to: C:/Users/NVier/Space SHMUP
C:/Users/NVier/Space SHMUP
[UnityMemory] Configuration Parameters - Can be set up in boot.config
    "memorysetup-bucket-allocator-granularity=16"
    "memorysetup-bucket-allocator-bucket-count=8"
    "memorysetup-bucket-allocator-block-size=33554432"
    "memorysetup-bucket-allocator-block-count=8"
    "memorysetup-main-allocator-block-size=16777216"
    "memorysetup-thread-allocator-block-size=16777216"
    "memorysetup-gfx-main-allocator-block-size=16777216"
    "memorysetup-gfx-thread-allocator-block-size=16777216"
    "memorysetup-cache-allocator-block-size=4194304"
    "memorysetup-typetree-allocator-block-size=2097152"
    "memorysetup-profiler-bucket-allocator-granularity=16"
    "memorysetup-profiler-bucket-allocator-bucket-count=8"
    "memorysetup-profiler-bucket-allocator-block-size=33554432"
    "memorysetup-profiler-bucket-allocator-block-count=8"
    "memorysetup-profiler-allocator-block-size=16777216"
    "memorysetup-profiler-editor-allocator-block-size=1048576"
    "memorysetup-temp-allocator-size-main=16777216"
    "memorysetup-job-temp-allocator-block-size=2097152"
    "memorysetup-job-temp-allocator-block-size-background=1048576"
    "memorysetup-job-temp-allocator-reduction-small-platforms=262144"
    "memorysetup-temp-allocator-size-background-worker=32768"
    "memorysetup-temp-allocator-size-job-worker=262144"
    "memorysetup-temp-allocator-size-preload-manager=33554432"
    "memorysetup-temp-allocator-size-nav-mesh-worker=65536"
    "memorysetup-temp-allocator-size-audio-worker=65536"
    "memorysetup-temp-allocator-size-cloud-worker=32768"
    "memorysetup-temp-allocator-size-gi-baking-worker=262144"
    "memorysetup-temp-allocator-size-gfx=262144"
Refreshing native plugins compatible for Editor in 103.02 ms, found 3 plugins.
Preloading 0 native plugins for Editor in 0.00 ms.
Initialize engine version: 2021.3.11f1 (0a5ca18544bf)
[Subsystems] Discovering subsystems at path E:/unity/Editor/2021.3.11f1/Editor/Data/Resources/UnitySubsystems
[Subsystems] Discovering subsystems at path C:/Users/NVier/Space SHMUP/Assets
GfxDevice: creating device client; threaded=0; jobified=0
Direct3D:
    Version:  Direct3D 11.0 [level 11.1]
    Renderer: NVIDIA GeForce RTX 2080 (ID=0x1e90)
    Vendor:   NVIDIA
    VRAM:     8002 MB
    Driver:   31.0.15.2741
Initialize mono
Mono path[0] = 'E:/unity/Editor/2021.3.11f1/Editor/Data/Managed'
Mono path[1] = 'E:/unity/Editor/2021.3.11f1/Editor/Data/MonoBleedingEdge/lib/mono/unityjit-win32'
Mono config path = 'E:/unity/Editor/2021.3.11f1/Editor/Data/MonoBleedingEdge/etc'
Using monoOptions --debugger-agent=transport=dt_socket,embedding=1,server=y,suspend=n,address=127.0.0.1:56688
Begin MonoManager ReloadAssembly
Registering precompiled unity dll's ...
Register platform support module: E:/unity/Editor/2021.3.11f1/Editor/Data/PlaybackEngines/WebGLSupport/UnityEditor.WebGL.Extensions.dll
Register platform support module: E:/unity/Editor/2021.3.11f1/Editor/Data/PlaybackEngines/WindowsStandaloneSupport/UnityEditor.WindowsStandalone.Extensions.dll
Registered in 0.005212 seconds.
Native extension for WindowsStandalone target not found
Native extension for WebGL target not found
Refreshing native plugins compatible for Editor in 119.82 ms, found 3 plugins.
Preloading 0 native plugins for Editor in 0.00 ms.
Mono: successfully reloaded assembly
- Completed reload, in  0.880 seconds
Domain Reload Profiling:
	ReloadAssembly (881ms)
		BeginReloadAssembly (86ms)
			ExecutionOrderSort (0ms)
			DisableScriptedObjects (0ms)
			BackupInstance (0ms)
			ReleaseScriptingObjects (0ms)
			CreateAndSetChildDomain (1ms)
		EndReloadAssembly (636ms)
			LoadAssemblies (85ms)
			RebuildTransferFunctionScriptingTraits (0ms)
			SetupTypeCache (170ms)
			ReleaseScriptCaches (0ms)
			RebuildScriptCaches (41ms)
			SetupLoadedEditorAssemblies (349ms)
				LogAssemblyErrors (0ms)
				InitializePlatformSupportModulesInManaged (11ms)
				SetLoadedEditorAssemblies (0ms)
				RefreshPlugins (120ms)
				BeforeProcessingInitializeOnLoad (1ms)
				ProcessInitializeOnLoadAttributes (162ms)
				ProcessInitializeOnLoadMethodAttributes (54ms)
				AfterProcessingInitializeOnLoad (0ms)
				EditorAssembliesLoaded (0ms)
			ExecutionOrderSort2 (0ms)
			AwakeInstancesAfterBackupRestoration (0ms)
Platform modules already initialized, skipping
Registering precompiled user dll's ...
Registered in 0.009286 seconds.
Begin MonoManager ReloadAssembly
Symbol file LoadedFromMemory doesn't match image C:\Users\NVier\Space SHMUP\Library\PackageCache\com.unity.visualscripting@1.7.8\Editor\VisualScripting.Core\Dependencies\YamlDotNet\Unity.VisualScripting.YamlDotNet.dll
Symbol file LoadedFromMemory doesn't match image C:\Users\NVier\Space SHMUP\Library\PackageCache\com.unity.visualscripting@1.7.8\Editor\VisualScripting.Core\Dependencies\DotNetZip\Unity.VisualScripting.IonicZip.dll
Native extension for WindowsStandalone target not found
Native extension for WebGL target not found
Refreshing native plugins compatible for Editor in 0.72 ms, found 3 plugins.
Preloading 0 native plugins for Editor in 0.00 ms.
Mono: successfully reloaded assembly
- Completed reload, in  1.454 seconds
Domain Reload Profiling:
	ReloadAssembly (1455ms)
		BeginReloadAssembly (284ms)
			ExecutionOrderSort (0ms)
			DisableScriptedObjects (7ms)
			BackupInstance (0ms)
			ReleaseScriptingObjects (0ms)
			CreateAndSetChildDomain (39ms)
		EndReloadAssembly (1012ms)
			LoadAssemblies (100ms)
			RebuildTransferFunctionScriptingTraits (0ms)
			SetupTypeCache (326ms)
			ReleaseScriptCaches (1ms)
			RebuildScriptCaches (58ms)
			SetupLoadedEditorAssemblies (480ms)
				LogAssemblyErrors (0ms)
				InitializePlatformSupportModulesInManaged (6ms)
				SetLoadedEditorAssemblies (1ms)
				RefreshPlugins (1ms)
				BeforeProcessingInitializeOnLoad (107ms)
				ProcessInitializeOnLoadAttributes (322ms)
				ProcessInitializeOnLoadMethodAttributes (40ms)
				AfterProcessingInitializeOnLoad (4ms)
				EditorAssembliesLoaded (0ms)
			ExecutionOrderSort2 (0ms)
			AwakeInstancesAfterBackupRestoration (8ms)
Platform modules already initialized, skipping
========================================================================
Worker process is ready to serve import requests
Launched and connected shader compiler UnityShaderCompiler.exe after 0.08 seconds
Refreshing native plugins compatible for Editor in 0.70 ms, found 3 plugins.
Preloading 0 native plugins for Editor in 0.00 ms.
Unloading 3381 Unused Serialized files (Serialized files now loaded: 0)
Unloading 27 unused Assets / (113.4 KB). Loaded Objects now: 3838.
Memory consumption went from 116.4 MB to 116.3 MB.
Total: 4.706000 ms (FindLiveObjects: 0.710700 ms CreateObjectMapping: 0.431600 ms MarkObjects: 3.440700 ms  DeleteObjects: 0.120500 ms)

AssetImportParameters requested are different than current active one (requested -> active):
  custom:video-decoder-ogg-theora: a1e56fd34408186e4bbccfd4996cb3dc -> 
  custom:container-muxer-webm: aa71ff27fc2769a1b78a27578f13a17b -> 
  custom:container-demuxer-webm: 4f35f7cbe854078d1ac9338744f61a02 -> 
  custom:video-encoder-webm-vp8: eb34c28f22e8b96e1ab97ce403110664 -> 
  custom:audio-encoder-webm-vorbis: bf7c407c2cedff20999df2af8eb42d56 -> 
  custom:framework-win-MediaFoundation: 216162199b28c13a410421893ffa2e32 -> 
  custom:container-demuxer-ogg: 62fdf1f143b41e24485cea50d1cbac27 -> 
  custom:video-decoder-webm-vp8: 9c59270c3fd7afecdb556c50c9e8de78 -> 
  custom:audio-decoder-ogg-vorbis: bf7c407c2cedff20999df2af8eb42d56 -> 
========================================================================
Received Import Request.
  Time since last request: 50866.973431 seconds.
  path: Assets/__Scene_0.unity
  artifactKey: Guid(c327b1ae785c24559b5c07c428f5987b) Importer(815301076,1909f56bfc062723c751e8b465ee728b)
Start importing Assets/__Scene_0.unity using Guid(c327b1ae785c24559b5c07c428f5987b) Importer(815301076,1909f56bfc062723c751e8b465ee728b)  -> (artifact id: '52aff49c5f3272076575dae8fd01cb72') in 0.014893 seconds 
========================================================================
Received Import Request.
  Time since last request: 259.186171 seconds.
  path: Assets/_Materials/Shields.psd
  artifactKey: Guid(63397e36b72de43d6bbd80825fdcae80) Importer(815301076,1909f56bfc062723c751e8b465ee728b)
Start importing Assets/_Materials/Shields.psd using Guid(63397e36b72de43d6bbd80825fdcae80) Importer(815301076,1909f56bfc062723c751e8b465ee728b)  -> (artifact id: 'a71247aabd2e5d80cb69ab8a97fc2972') in 0.124763 seconds 
========================================================================
Received Import Request.
  Time since last request: 0.000018 seconds.
  path: Assets/_Materials/Space_Transparent.png
  artifactKey: Guid(453afbaa9f90a42ca875148705ae1b37) Importer(815301076,1909f56bfc062723c751e8b465ee728b)
Start importing Assets/_Materials/Space_Transparent.png using Guid(453afbaa9f90a42ca875148705ae1b37) Importer(815301076,1909f56bfc062723c751e8b465ee728b)  -> (artifact id: '056f1723ff18745a8db73b069457ab6d') in 0.099277 seconds 
========================================================================
Received Import Request.
  Time since last request: 5.546354 seconds.
  path: Assets/Assets by Peter Burroughs/Other Prefabs/Enemy_2.prefab
  artifactKey: Guid(10ae278da906f451594d7989d76b6d15) Importer(815301076,1909f56bfc062723c751e8b465ee728b)
Start importing Assets/Assets by Peter Burroughs/Other Prefabs/Enemy_2.prefab using Guid(10ae278da906f451594d7989d76b6d15) Importer(815301076,1909f56bfc062723c751e8b465ee728b)  -> (artifact id: '7a675e7d719456e49ad9b81449b729c0') in 0.330745 seconds 
========================================================================
Received Import Request.
  Time since last request: 0.000022 seconds.
  path: Assets/Assets by Peter Burroughs/Other Prefabs/Enemy_3.prefab
  artifactKey: Guid(8b3b585cc9dbb43ff97ab0579e85fd71) Importer(815301076,1909f56bfc062723c751e8b465ee728b)
Start importing Assets/Assets by Peter Burroughs/Other Prefabs/Enemy_3.prefab using Guid(8b3b585cc9dbb43ff97ab0579e85fd71) Importer(815301076,1909f56bfc062723c751e8b465ee728b)  -> (artifact id: '775946bee1c499e8f482fe17354328bd') in 0.019200 seconds 
========================================================================
Received Import Request.
  Time since last request: 1.922852 seconds.
  path: Assets/Assets by Peter Burroughs/Models/enemy1.fbx
  artifactKey: Guid(17b565173ef973647a7c2db144c0e2b4) Importer(815301076,1909f56bfc062723c751e8b465ee728b)
Start importing Assets/Assets by Peter Burroughs/Models/enemy1.fbx using Guid(17b565173ef973647a7c2db144c0e2b4) Importer(815301076,1909f56bfc062723c751e8b465ee728b)  -> (artifact id: 'b6777e9cc5097d8841421e8b161f9b92') in 0.146241 seconds 
========================================================================
Received Import Request.
  Time since last request: 0.000022 seconds.
  path: Assets/Assets by Peter Burroughs/Models/enemy4.fbx
  artifactKey: Guid(0124bc53210bf6d488148eb27b996322) Importer(815301076,1909f56bfc062723c751e8b465ee728b)
Start importing Assets/Assets by Peter Burroughs/Models/enemy4.fbx using Guid(0124bc53210bf6d488148eb27b996322) Importer(815301076,1909f56bfc062723c751e8b465ee728b)  -> (artifact id: 'e683525c0fcf21818a78aa6f3815ce6b') in 0.124451 seconds 
========================================================================
Received Import Request.
  Time since last request: 0.000039 seconds.
  path: Assets/Assets by Peter Burroughs/Models/weapon_MissileLauncher.fbx
  artifactKey: Guid(0b915be395eb1f54c87faeaabb622d10) Importer(815301076,1909f56bfc062723c751e8b465ee728b)
Start importing Assets/Assets by Peter Burroughs/Models/weapon_MissileLauncher.fbx using Guid(0b915be395eb1f54c87faeaabb622d10) Importer(815301076,1909f56bfc062723c751e8b465ee728b)  -> (artifact id: 'c188249bbefdeef6d0bb4730c7b9b748') in 0.049403 seconds 
========================================================================
Received Import Request.
  Time since last request: 0.000020 seconds.
  path: Assets/Assets by Peter Burroughs/Models/weapon_Phaser.fbx
  artifactKey: Guid(2b917555367b8f64fab39ba6974870f3) Importer(815301076,1909f56bfc062723c751e8b465ee728b)
Start importing Assets/Assets by Peter Burroughs/Models/weapon_Phaser.fbx using Guid(2b917555367b8f64fab39ba6974870f3) Importer(815301076,1909f56bfc062723c751e8b465ee728b)  -> (artifact id: '1b6eee82544cca0ea15d21471c4abd63') in 0.040611 seconds 
========================================================================
Received Import Request.
  Time since last request: 0.000016 seconds.
  path: Assets/Assets by Peter Burroughs/Models/weapon_SpreadShot.fbx
  artifactKey: Guid(8b6e5debbe11f9241ade9814e3d16d70) Importer(815301076,1909f56bfc062723c751e8b465ee728b)
Start importing Assets/Assets by Peter Burroughs/Models/weapon_SpreadShot.fbx using Guid(8b6e5debbe11f9241ade9814e3d16d70) Importer(815301076,1909f56bfc062723c751e8b465ee728b)  -> (artifact id: '1c8518ecf8e1e4e33497fe77bd9728e1') in 0.049619 seconds 
========================================================================
Received Import Request.
  Time since last request: 0.000023 seconds.
  path: Assets/Assets by Peter Burroughs/Models/enemy3.fbx
  artifactKey: Guid(eebf2fda48302374bbac4c66134c3ba3) Importer(815301076,1909f56bfc062723c751e8b465ee728b)
Start importing Assets/Assets by Peter Burroughs/Models/enemy3.fbx using Guid(eebf2fda48302374bbac4c66134c3ba3) Importer(815301076,1909f56bfc062723c751e8b465ee728b)  -> (artifact id: 'aff63997f6b85775fa7d3a9474c2f889') in 0.135208 seconds 
========================================================================
Received Import Request.
  Time since last request: 3.652527 seconds.
  path: Assets/Assets by Peter Burroughs/Materials/enemy2.mat
  artifactKey: Guid(b1c2854825656264287d44db4b031dc0) Importer(815301076,1909f56bfc062723c751e8b465ee728b)
Start importing Assets/Assets by Peter Burroughs/Materials/enemy2.mat using Guid(b1c2854825656264287d44db4b031dc0) Importer(815301076,1909f56bfc062723c751e8b465ee728b)  -> (artifact id: '038133c01da94d90ef7889f587e8eb9b') in 0.043045 seconds 
========================================================================
Received Import Request.
  Time since last request: 0.000021 seconds.
  path: Assets/Assets by Peter Burroughs/Materials/weapon_SpreadShotProjectile.mat
  artifactKey: Guid(5bf7017316bd14848979e42989bac78c) Importer(815301076,1909f56bfc062723c751e8b465ee728b)
Start importing Assets/Assets by Peter Burroughs/Materials/weapon_SpreadShotProjectile.mat using Guid(5bf7017316bd14848979e42989bac78c) Importer(815301076,1909f56bfc062723c751e8b465ee728b)  -> (artifact id: 'bc3b5dc230b09d6951676003c068cfe3') in 0.026160 seconds 
========================================================================
Received Import Request.
  Time since last request: 0.000017 seconds.
  path: Assets/Assets by Peter Burroughs/Materials/weapon_PhaserProjectile.mat
  artifactKey: Guid(c5d6a0b7484625641b35baa625a40ef6) Importer(815301076,1909f56bfc062723c751e8b465ee728b)
Start importing Assets/Assets by Peter Burroughs/Materials/weapon_PhaserProjectile.mat using Guid(c5d6a0b7484625641b35baa625a40ef6) Importer(815301076,1909f56bfc062723c751e8b465ee728b)  -> (artifact id: 'b199343b78e69721a857f42a23a337a9') in 0.029705 seconds 
========================================================================
Received Import Request.
  Time since last request: 0.000027 seconds.
  path: Assets/Assets by Peter Burroughs/Materials/weapon_MissileLauncher.mat
  artifactKey: Guid(52069af0ef0da764b8815dd2cd5e189c) Importer(815301076,1909f56bfc062723c751e8b465ee728b)
Start importing Assets/Assets by Peter Burroughs/Materials/weapon_MissileLauncher.mat using Guid(52069af0ef0da764b8815dd2cd5e189c) Importer(815301076,1909f56bfc062723c751e8b465ee728b)  -> (artifact id: 'd3cffdb3a368f0647e0a1568e8d59911') in 0.041016 seconds 
========================================================================
Received Import Request.
  Time since last request: 0.000026 seconds.
  path: Assets/Assets by Peter Burroughs/Materials/weapon_SpreadShot.mat
  artifactKey: Guid(3e0332a0c4f12844dbbf08cfed478fd8) Importer(815301076,1909f56bfc062723c751e8b465ee728b)
Start importing Assets/Assets by Peter Burroughs/Materials/weapon_SpreadShot.mat using Guid(3e0332a0c4f12844dbbf08cfed478fd8) Importer(815301076,1909f56bfc062723c751e8b465ee728b)  -> (artifact id: '47bc42575f3283db5c540de05d928c9d') in 0.015367 seconds 
========================================================================
Received Import Request.
  Time since last request: 0.000025 seconds.
  path: Assets/Assets by Peter Burroughs/Materials/enemy4.mat
  artifactKey: Guid(ceb3adc7b459518499678e5f3d46cdba) Importer(815301076,1909f56bfc062723c751e8b465ee728b)
Start importing Assets/Assets by Peter Burroughs/Materials/enemy4.mat using Guid(ceb3adc7b459518499678e5f3d46cdba) Importer(815301076,1909f56bfc062723c751e8b465ee728b)  -> (artifact id: '2c4e7bc9f57706ac7426aa4a7a75f2c6') in 0.044914 seconds 
========================================================================
Received Import Request.
  Time since last request: 3.498669 seconds.
  path: Assets/Assets by Peter Burroughs/Textures/enemy2_Color.png
  artifactKey: Guid(11ac3469fcb20d7499480e1af13f8807) Importer(815301076,1909f56bfc062723c751e8b465ee728b)
Start importing Assets/Assets by Peter Burroughs/Textures/enemy2_Color.png using Guid(11ac3469fcb20d7499480e1af13f8807) Importer(815301076,1909f56bfc062723c751e8b465ee728b)  -> (artifact id: 'fd0f27f2a4c770ec2d84d8fcaccb9afc') in 0.025789 seconds 
========================================================================
Received Import Request.
  Time since last request: 0.000023 seconds.
  path: Assets/Assets by Peter Burroughs/Textures/weapon_MissileLauncher_Color.png
  artifactKey: Guid(31f1bdcf7b5d60647baf7f956ec2b683) Importer(815301076,1909f56bfc062723c751e8b465ee728b)
Start importing Assets/Assets by Peter Burroughs/Textures/weapon_MissileLauncher_Color.png using Guid(31f1bdcf7b5d60647baf7f956ec2b683) Importer(815301076,1909f56bfc062723c751e8b465ee728b)  -> (artifact id: 'cdcdeb4c93b9eb23fd9dabb5029e2e37') in 0.057833 seconds 
========================================================================
Received Import Request.
  Time since last request: 0.000029 seconds.
  path: Assets/Assets by Peter Burroughs/Textures/enemy3_Color.png
  artifactKey: Guid(9ceb66a8f0f23224f9f2d4759003825b) Importer(815301076,1909f56bfc062723c751e8b465ee728b)
Start importing Assets/Assets by Peter Burroughs/Textures/enemy3_Color.png using Guid(9ceb66a8f0f23224f9f2d4759003825b) Importer(815301076,1909f56bfc062723c751e8b465ee728b)  -> (artifact id: '8128ad5edc23a89b458937f03e7ea227') in 0.049596 seconds 
Editor requested this worker to shutdown with reason: Scaling down because of idle timeout
AssetImportWorker is now disconnected from the server
Process exiting
Exiting without the bug reporter. Application will terminate with return code 0